This is pdfTeX, Version 3.1415926-2.4-1.40.13 (TeX Live 2012) (format=pdflatex 2012.6.30)  14 MAR 2014 01:19
entering extended mode
 restricted \write18 enabled.
 file:line:error style messages enabled.
 %&-line parsing enabled.
**double_pendulum.tex
(./double_pendulum.tex
LaTeX2e <2011/06/27>
Babel <v3.8m> and hyphenation patterns for english, dumylang, nohyphenation, ge
rman-x-2012-05-30, ngerman-x-2012-05-30, afrikaans, ancientgreek, ibycus, arabi
c, armenian, basque, bulgarian, catalan, pinyin, coptic, croatian, czech, danis
h, dutch, ukenglish, usenglishmax, esperanto, estonian, ethiopic, farsi, finnis
h, french, friulan, galician, german, ngerman, swissgerman, monogreek, greek, h
ungarian, icelandic, assamese, bengali, gujarati, hindi, kannada, malayalam, ma
rathi, oriya, panjabi, tamil, telugu, indonesian, interlingua, irish, italian, 
kurmanji, latin, latvian, lithuanian, mongolian, mongolianlmc, bokmal, nynorsk,
 polish, portuguese, romanian, romansh, russian, sanskrit, serbian, serbianc, s
lovak, slovenian, spanish, swedish, turkish, turkmen, ukrainian, uppersorbian, 
welsh, loaded.
(/usr/local/texlive/2012/texmf-dist/tex/latex/base/article.cls
Document Class: article 2007/10/19 v1.4h Standard LaTeX document class
(/usr/local/texlive/2012/texmf-dist/tex/latex/base/size12.clo
File: size12.clo 2007/10/19 v1.4h Standard LaTeX file (size option)
)
\c@part=\count79
\c@section=\count80
\c@subsection=\count81
\c@subsubsection=\count82
\c@paragraph=\count83
\c@subparagraph=\count84
\c@figure=\count85
\c@table=\count86
\abovecaptionskip=\skip41
\belowcaptionskip=\skip42
\bibindent=\dimen102
)
(/usr/local/texlive/2012/texmf-dist/tex/latex/graphics/graphicx.sty
Package: graphicx 1999/02/16 v1.0f Enhanced LaTeX Graphics (DPC,SPQR)

(/usr/local/texlive/2012/texmf-dist/tex/latex/graphics/keyval.sty
Package: keyval 1999/03/16 v1.13 key=value parser (DPC)
\KV@toks@=\toks14
)
(/usr/local/texlive/2012/texmf-dist/tex/latex/graphics/graphics.sty
Package: graphics 2009/02/05 v1.0o Standard LaTeX Graphics (DPC,SPQR)

(/usr/local/texlive/2012/texmf-dist/tex/latex/graphics/trig.sty
Package: trig 1999/03/16 v1.09 sin cos tan (DPC)
)
(/usr/local/texlive/2012/texmf-dist/tex/latex/latexconfig/graphics.cfg
File: graphics.cfg 2010/04/23 v1.9 graphics configuration of TeX Live
)
Package graphics Info: Driver file: pdftex.def on input line 91.

(/usr/local/texlive/2012/texmf-dist/tex/latex/pdftex-def/pdftex.def
File: pdftex.def 2011/05/27 v0.06d Graphics/color for pdfTeX

(/usr/local/texlive/2012/texmf-dist/tex/generic/oberdiek/infwarerr.sty
Package: infwarerr 2010/04/08 v1.3 Providing info/warning/error messages (HO)
)
(/usr/local/texlive/2012/texmf-dist/tex/generic/oberdiek/ltxcmds.sty
Package: ltxcmds 2011/11/09 v1.22 LaTeX kernel commands for general use (HO)
)
\Gread@gobject=\count87
))
\Gin@req@height=\dimen103
\Gin@req@width=\dimen104
)
(/usr/local/texlive/2012/texmf-dist/tex/latex/amsmath/amsmath.sty
Package: amsmath 2000/07/18 v2.13 AMS math features
\@mathmargin=\skip43

For additional information on amsmath, use the `?' option.
(/usr/local/texlive/2012/texmf-dist/tex/latex/amsmath/amstext.sty
Package: amstext 2000/06/29 v2.01

(/usr/local/texlive/2012/texmf-dist/tex/latex/amsmath/amsgen.sty
File: amsgen.sty 1999/11/30 v2.0
\@emptytoks=\toks15
\ex@=\dimen105
))
(/usr/local/texlive/2012/texmf-dist/tex/latex/amsmath/amsbsy.sty
Package: amsbsy 1999/11/29 v1.2d
\pmbraise@=\dimen106
)
(/usr/local/texlive/2012/texmf-dist/tex/latex/amsmath/amsopn.sty
Package: amsopn 1999/12/14 v2.01 operator names
)
\inf@bad=\count88
LaTeX Info: Redefining \frac on input line 211.
\uproot@=\count89
\leftroot@=\count90
LaTeX Info: Redefining \overline on input line 307.
\classnum@=\count91
\DOTSCASE@=\count92
LaTeX Info: Redefining \ldots on input line 379.
LaTeX Info: Redefining \dots on input line 382.
LaTeX Info: Redefining \cdots on input line 467.
\Mathstrutbox@=\box26
\strutbox@=\box27
\big@size=\dimen107
LaTeX Font Info:    Redeclaring font encoding OML on input line 567.
LaTeX Font Info:    Redeclaring font encoding OMS on input line 568.
\macc@depth=\count93
\c@MaxMatrixCols=\count94
\dotsspace@=\muskip10
\c@parentequation=\count95
\dspbrk@lvl=\count96
\tag@help=\toks16
\row@=\count97
\column@=\count98
\maxfields@=\count99
\andhelp@=\toks17
\eqnshift@=\dimen108
\alignsep@=\dimen109
\tagshift@=\dimen110
\tagwidth@=\dimen111
\totwidth@=\dimen112
\lineht@=\dimen113
\@envbody=\toks18
\multlinegap=\skip44
\multlinetaggap=\skip45
\mathdisplay@stack=\toks19
LaTeX Info: Redefining \[ on input line 2666.
LaTeX Info: Redefining \] on input line 2667.
)
(/usr/local/texlive/2012/texmf-dist/tex/latex/listings/listings.sty
\lst@mode=\count100
\lst@gtempboxa=\box28
\lst@token=\toks20
\lst@length=\count101
\lst@currlwidth=\dimen114
\lst@column=\count102
\lst@pos=\count103
\lst@lostspace=\dimen115
\lst@width=\dimen116
\lst@newlines=\count104
\lst@lineno=\count105
\lst@maxwidth=\dimen117

(/usr/local/texlive/2012/texmf-dist/tex/latex/listings/lstmisc.sty
File: lstmisc.sty 2007/02/22 1.4 (Carsten Heinz)
\c@lstnumber=\count106
\lst@skipnumbers=\count107
\lst@framebox=\box29
)
(/usr/local/texlive/2012/texmf-dist/tex/latex/listings/listings.cfg
File: listings.cfg 2007/02/22 1.4 listings configuration
))
Package: listings 2007/02/22 1.4 (Carsten Heinz)

(/usr/local/texlive/2012/texmf-dist/tex/latex/graphics/color.sty
Package: color 2005/11/14 v1.0j Standard LaTeX Color (DPC)

(/usr/local/texlive/2012/texmf-dist/tex/latex/latexconfig/color.cfg
File: color.cfg 2007/01/18 v1.5 color configuration of teTeX/TeXLive
)
Package color Info: Driver file: pdftex.def on input line 130.
)
(/usr/local/texlive/2012/texmf-dist/tex/latex/placeins/placeins.sty
Package: placeins 2005/04/18  v 2.2
)
(./double_pendulum.aux

LaTeX Warning: Label `module' multiply defined.


LaTeX Warning: Label `module' multiply defined.

)
\openout1 = `double_pendulum.aux'.

LaTeX Font Info:    Checking defaults for OML/cmm/m/it on input line 15.
LaTeX Font Info:    ... okay on input line 15.
LaTeX Font Info:    Checking defaults for T1/cmr/m/n on input line 15.
LaTeX Font Info:    ... okay on input line 15.
LaTeX Font Info:    Checking defaults for OT1/cmr/m/n on input line 15.
LaTeX Font Info:    ... okay on input line 15.
LaTeX Font Info:    Checking defaults for OMS/cmsy/m/n on input line 15.
LaTeX Font Info:    ... okay on input line 15.
LaTeX Font Info:    Checking defaults for OMX/cmex/m/n on input line 15.
LaTeX Font Info:    ... okay on input line 15.
LaTeX Font Info:    Checking defaults for U/cmr/m/n on input line 15.
LaTeX Font Info:    ... okay on input line 15.
 (/usr/local/texlive/2012/texmf-dist/tex/context/base/supp-pdf.mkii
[Loading MPS to PDF converter (version 2006.09.02).]
\scratchcounter=\count108
\scratchdimen=\dimen118
\scratchbox=\box30
\nofMPsegments=\count109
\nofMParguments=\count110
\everyMPshowfont=\toks21
\MPscratchCnt=\count111
\MPscratchDim=\dimen119
\MPnumerator=\count112
\makeMPintoPDFobject=\count113
\everyMPtoPDFconversion=\toks22
) (/usr/local/texlive/2012/texmf-dist/tex/generic/oberdiek/pdftexcmds.sty
Package: pdftexcmds 2011/11/29 v0.20 Utility functions of pdfTeX for LuaTeX (HO
)

(/usr/local/texlive/2012/texmf-dist/tex/generic/oberdiek/ifluatex.sty
Package: ifluatex 2010/03/01 v1.3 Provides the ifluatex switch (HO)
Package ifluatex Info: LuaTeX not detected.
)
(/usr/local/texlive/2012/texmf-dist/tex/generic/oberdiek/ifpdf.sty
Package: ifpdf 2011/01/30 v2.3 Provides the ifpdf switch (HO)
Package ifpdf Info: pdfTeX in PDF mode is detected.
)
Package pdftexcmds Info: LuaTeX not detected.
Package pdftexcmds Info: \pdf@primitive is available.
Package pdftexcmds Info: \pdf@ifprimitive is available.
Package pdftexcmds Info: \pdfdraftmode found.
)
(/usr/local/texlive/2012/texmf-dist/tex/latex/oberdiek/epstopdf-base.sty
Package: epstopdf-base 2010/02/09 v2.5 Base part for package epstopdf

(/usr/local/texlive/2012/texmf-dist/tex/latex/oberdiek/grfext.sty
Package: grfext 2010/08/19 v1.1 Manage graphics extensions (HO)

(/usr/local/texlive/2012/texmf-dist/tex/generic/oberdiek/kvdefinekeys.sty
Package: kvdefinekeys 2011/04/07 v1.3 Define keys (HO)
))
(/usr/local/texlive/2012/texmf-dist/tex/latex/oberdiek/kvoptions.sty
Package: kvoptions 2011/06/30 v3.11 Key value format for package options (HO)

(/usr/local/texlive/2012/texmf-dist/tex/generic/oberdiek/kvsetkeys.sty
Package: kvsetkeys 2012/04/25 v1.16 Key value parser (HO)

(/usr/local/texlive/2012/texmf-dist/tex/generic/oberdiek/etexcmds.sty
Package: etexcmds 2011/02/16 v1.5 Avoid name clashes with e-TeX commands (HO)
Package etexcmds Info: Could not find \expanded.
(etexcmds)             That can mean that you are not using pdfTeX 1.50 or
(etexcmds)             that some package has redefined \expanded.
(etexcmds)             In the latter case, load this package earlier.
)))
Package grfext Info: Graphics extension search list:
(grfext)             [.png,.pdf,.jpg,.mps,.jpeg,.jbig2,.jb2,.PNG,.PDF,.JPG,.JPE
G,.JBIG2,.JB2,.eps]
(grfext)             \AppendGraphicsExtensions on input line 452.

(/usr/local/texlive/2012/texmf-dist/tex/latex/latexconfig/epstopdf-sys.cfg
File: epstopdf-sys.cfg 2010/07/13 v1.3 Configuration of (r)epstopdf for TeX Liv
e
))
\c@lstlisting=\count114

(/usr/local/texlive/2012/texmf-dist/tex/latex/listings/lstlang1.sty
File: lstlang1.sty 2004/09/05 1.3 listings language file
)
(/usr/local/texlive/2012/texmf-dist/tex/latex/listings/lstlang1.sty
File: lstlang1.sty 2004/09/05 1.3 listings language file
) [1

{/usr/local/texlive/2012/texmf-var/fonts/map/pdftex/updmap/pdftex.map}] [2] [3]

Overfull \hbox (3.21442pt too wide) in paragraph at lines 151--153
[][][][][][][][][][][][][][][][][][][][][][][][][][][][][][][][][][][][][][][][
][][][][][][][][][][][] 
 []

[4]
Overfull \hbox (10.11292pt too wide) in paragraph at lines 166--167
[][][][][][][][][][][][][][][][][][][][][][][][][][][][][] 
 []


Overfull \hbox (51.5039pt too wide) in paragraph at lines 170--171
[][][][][][][][][][][][][][][][][][][][][][][][][][][][][][][][][][][][][][] 
 []


Overfull \hbox (37.70691pt too wide) in paragraph at lines 191--192
[][][][][][][][][][][][][][][][][][][][][][][][][][][][][][][][][][][][][][][][
][][][][][][] 
 []


Overfull \hbox (51.5039pt too wide) in paragraph at lines 192--193
[][][][][][][][][][][][][][][][][][][][][][][][][][][][][][][][][][][][][][][][
][][][][][][][][] 
 []

[5]
Overfull \hbox (44.60541pt too wide) in paragraph at lines 204--205
[][][][][][][][][][][][][][][][][][][][][][][][][][][][][][][][][] 
 []


Overfull \hbox (58.4024pt too wide) in paragraph at lines 212--213
[][][][][][][][][][][][][][][][][][][] 
 []


Overfull \hbox (51.5039pt too wide) in paragraph at lines 215--216
[][][][][][][][][][][][][][][][][][][][][][] 
 []


Overfull \hbox (85.9964pt too wide) in paragraph at lines 216--217
[][][][][][][][][][][][][][][][][][][] 
 []


Overfull \hbox (51.5039pt too wide) in paragraph at lines 219--220
[][][][][][][][][][][][][][][][][][][][][][][][][][][][][] 
 []


Overfull \hbox (58.4024pt too wide) in paragraph at lines 220--221
[][][][][][][][][][][][][][][][][] 
 []


Overfull \hbox (37.70691pt too wide) in paragraph at lines 221--222
[][][][][][][][][][][][][][][][][][][][][][][][][][][][][][] 
 []


Overfull \hbox (99.7934pt too wide) in paragraph at lines 224--225
[][][][][][][][][][][][][][][][][][][] 
 []

[6]
Overfull \hbox (3.21442pt too wide) in paragraph at lines 244--245
[][][][][][][][][][][][][][][][][][][][][][][][][][][][][][][][][] 
 []


Overfull \hbox (92.8949pt too wide) in paragraph at lines 261--264
[][][][][][][][][][][][][][][][][][][][][][][][][][][][][][][][][][][][][][][][
][][][][][][][][][][] 
 []


Overfull \hbox (113.5904pt too wide) in paragraph at lines 264--266
[][][][][][][][][][][][][][][][][][][][][][][][][][][][][][][][][][][][][][][][
][][][][][][][][][][][][][][][][][][][][][][][][][][][][][][][][][][][][][][][]
[][][][][][][][][][][][][][][] 
 []

[7]
Overfull \hbox (99.7934pt too wide) in paragraph at lines 317--318
[][][][][][][][][][][][][][][][][][][][][][][][][][][][][][][][][][][][][][][][
][][][][][][][][][][][][][][][][][][][][][][][][][][][][][][] 
 []

[8] (./eg1.tex
Package epstopdf Info: Source file: <eg1.eps>
(epstopdf)                    date: 2014-03-13 15:45:54
(epstopdf)                    size: 26095 bytes
(epstopdf)             Output file: <eg1-eps-converted-to.pdf>
(epstopdf)                    date: 2014-03-13 15:46:02
(epstopdf)                    size: 7419 bytes
(epstopdf)             Command: <repstopdf --outfile=eg1-eps-converted-to.pdf e
g1.eps>
(epstopdf)             \includegraphics on input line 114.
Package epstopdf Info: Output file is already uptodate.
 <eg1-eps-converted-to.pdf, id=43, 361.35pt x 252.945pt>
File: eg1-eps-converted-to.pdf Graphic file (type pdf)

<use eg1-eps-converted-to.pdf>
Package pdftex.def Info: eg1-eps-converted-to.pdf used on input line 114.
(pdftex.def)             Requested size: 361.34912pt x 252.94438pt.
) (./eg2.tex
Package epstopdf Info: Source file: <eg2.eps>
(epstopdf)                    date: 2014-03-13 16:18:59
(epstopdf)                    size: 40273 bytes
(epstopdf)             Output file: <eg2-eps-converted-to.pdf>
(epstopdf)                    date: 2014-03-13 16:19:05
(epstopdf)                    size: 13869 bytes
(epstopdf)             Command: <repstopdf --outfile=eg2-eps-converted-to.pdf e
g2.eps>
(epstopdf)             \includegraphics on input line 116.
Package epstopdf Info: Output file is already uptodate.

<eg2-eps-converted-to.pdf, id=44, 361.35pt x 252.945pt>
File: eg2-eps-converted-to.pdf Graphic file (type pdf)

<use eg2-eps-converted-to.pdf>
Package pdftex.def Info: eg2-eps-converted-to.pdf used on input line 116.
(pdftex.def)             Requested size: 361.34912pt x 252.94438pt.
) [9 <./eg1-eps-converted-to.pdf>] (./eg1_1.tex
Package epstopdf Info: Source file: <eg1_1.eps>
(epstopdf)                    date: 2014-03-14 00:41:44
(epstopdf)                    size: 54238 bytes
(epstopdf)             Output file: <eg1_1-eps-converted-to.pdf>
(epstopdf)                    date: 2014-03-14 00:41:49
(epstopdf)                    size: 23801 bytes
(epstopdf)             Command: <repstopdf --outfile=eg1_1-eps-converted-to.pdf
 eg1_1.eps>
(epstopdf)             \includegraphics on input line 132.
Package epstopdf Info: Output file is already uptodate.

<eg1_1-eps-converted-to.pdf, id=50, 361.35pt x 252.945pt>
File: eg1_1-eps-converted-to.pdf Graphic file (type pdf)

<use eg1_1-eps-converted-to.pdf>
Package pdftex.def Info: eg1_1-eps-converted-to.pdf used on input line 132.
(pdftex.def)             Requested size: 361.34912pt x 252.94438pt.
) (./eg3.tex
Package epstopdf Info: Source file: <eg3.eps>
(epstopdf)                    date: 2014-03-13 16:19:41
(epstopdf)                    size: 51610 bytes
(epstopdf)             Output file: <eg3-eps-converted-to.pdf>
(epstopdf)                    date: 2014-03-13 16:19:45
(epstopdf)                    size: 20396 bytes
(epstopdf)             Command: <repstopdf --outfile=eg3-eps-converted-to.pdf e
g3.eps>
(epstopdf)             \includegraphics on input line 124.
Package epstopdf Info: Output file is already uptodate.

<eg3-eps-converted-to.pdf, id=51, 361.35pt x 252.945pt>
File: eg3-eps-converted-to.pdf Graphic file (type pdf)

<use eg3-eps-converted-to.pdf>
Package pdftex.def Info: eg3-eps-converted-to.pdf used on input line 124.
(pdftex.def)             Requested size: 361.34912pt x 252.94438pt.
) (./eg2_1.tex
Package epstopdf Info: Source file: <eg2_1.eps>
(epstopdf)                    date: 2014-03-14 00:56:01
(epstopdf)                    size: 46673 bytes
(epstopdf)             Output file: <eg2_1-eps-converted-to.pdf>
(epstopdf)                    date: 2014-03-14 00:56:09
(epstopdf)                    size: 20833 bytes
(epstopdf)             Command: <repstopdf --outfile=eg2_1-eps-converted-to.pdf
 eg2_1.eps>
(epstopdf)             \includegraphics on input line 112.
Package epstopdf Info: Output file is already uptodate.

<eg2_1-eps-converted-to.pdf, id=52, 361.35pt x 252.945pt>
File: eg2_1-eps-converted-to.pdf Graphic file (type pdf)

<use eg2_1-eps-converted-to.pdf>
Package pdftex.def Info: eg2_1-eps-converted-to.pdf used on input line 112.
(pdftex.def)             Requested size: 361.34912pt x 252.94438pt.
)

LaTeX Warning: Float too large for page by 37.53873pt on input line 361.

(./eg4.tex
Package epstopdf Info: Source file: <eg4.eps>
(epstopdf)                    date: 2014-03-13 16:17:26
(epstopdf)                    size: 106602 bytes
(epstopdf)             Output file: <eg4-eps-converted-to.pdf>
(epstopdf)                    date: 2014-03-13 16:17:33
(epstopdf)                    size: 49967 bytes
(epstopdf)             Command: <repstopdf --outfile=eg4-eps-converted-to.pdf e
g4.eps>
(epstopdf)             \includegraphics on input line 120.
Package epstopdf Info: Output file is already uptodate.
 <eg4-eps-converted-to.pdf, id=53, 361.35pt x 252.945pt>
File: eg4-eps-converted-to.pdf Graphic file (type pdf)

<use eg4-eps-converted-to.pdf>
Package pdftex.def Info: eg4-eps-converted-to.pdf used on input line 120.
(pdftex.def)             Requested size: 361.34912pt x 252.94438pt.
) (./eg5.tex
Package epstopdf Info: Source file: <eg5.eps>
(epstopdf)                    date: 2014-03-13 16:13:04
(epstopdf)                    size: 205489 bytes
(epstopdf)             Output file: <eg5-eps-converted-to.pdf>
(epstopdf)                    date: 2014-03-13 16:13:12
(epstopdf)                    size: 91862 bytes
(epstopdf)             Command: <repstopdf --outfile=eg5-eps-converted-to.pdf e
g5.eps>
(epstopdf)             \includegraphics on input line 124.
Package epstopdf Info: Output file is already uptodate.

<eg5-eps-converted-to.pdf, id=54, 361.35pt x 252.945pt>
File: eg5-eps-converted-to.pdf Graphic file (type pdf)

<use eg5-eps-converted-to.pdf>
Package pdftex.def Info: eg5-eps-converted-to.pdf used on input line 124.
(pdftex.def)             Requested size: 361.34912pt x 252.94438pt.
)
Underfull \hbox (badness 10000) in paragraph at lines 122--366
[][]
 []

(./eg3_1.tex
Package epstopdf Info: Source file: <eg3_1.eps>
(epstopdf)                    date: 2014-03-14 01:12:56
(epstopdf)                    size: 162292 bytes
(epstopdf)             Output file: <eg3_1-eps-converted-to.pdf>
(epstopdf)                    date: 2014-03-14 01:13:01
(epstopdf)                    size: 42789 bytes
(epstopdf)             Command: <repstopdf --outfile=eg3_1-eps-converted-to.pdf
 eg3_1.eps>
(epstopdf)             \includegraphics on input line 126.
Package epstopdf Info: Output file is already uptodate.
 <eg3_1-eps-converted-to.pdf, id=55, 361.35pt x 252.945pt>
File: eg3_1-eps-converted-to.pdf Graphic file (type pdf)

<use eg3_1-eps-converted-to.pdf>
Package pdftex.def Info: eg3_1-eps-converted-to.pdf used on input line 126.
(pdftex.def)             Requested size: 361.34912pt x 252.94438pt.
) [10 <./eg2-eps-converted-to.pdf>] [11 <./eg1_1-eps-converted-to.pdf>] [12 <./
eg3-eps-converted-to.pdf> <./eg2_1-eps-converted-to.pdf>] [13 <./eg4-eps-conver
ted-to.pdf> <./eg5-eps-converted-to.pdf>]
[14 <./eg3_1-eps-converted-to.pdf>] [15

] (./double_pendulum.aux)

LaTeX Warning: There were multiply-defined labels.

 ) 
Here is how much of TeX's memory you used:
 3658 strings out of 493488
 51167 string characters out of 3141326
 171894 words of memory out of 3000000
 6891 multiletter control sequences out of 15000+200000
 10970 words of font info for 40 fonts, out of 3000000 for 9000
 957 hyphenation exceptions out of 8191
 38i,11n,49p,400b,1644s stack positions out of 5000i,500n,10000p,200000b,50000s
</usr/local/texlive/2012/texmf-dist/fonts/type1/public/amsfonts/cm/cmbx10.pfb
></usr/local/texlive/2012/texmf-dist/fonts/type1/public/amsfonts/cm/cmbx12.pfb>
</usr/local/texlive/2012/texmf-dist/fonts/type1/public/amsfonts/cm/cmbxti10.pfb
></usr/local/texlive/2012/texmf-dist/fonts/type1/public/amsfonts/cm/cmmi12.pfb>
</usr/local/texlive/2012/texmf-dist/fonts/type1/public/amsfonts/cm/cmmi6.pfb></
usr/local/texlive/2012/texmf-dist/fonts/type1/public/amsfonts/cm/cmmi8.pfb></us
r/local/texlive/2012/texmf-dist/fonts/type1/public/amsfonts/cm/cmr10.pfb></usr/
local/texlive/2012/texmf-dist/fonts/type1/public/amsfonts/cm/cmr12.pfb></usr/lo
cal/texlive/2012/texmf-dist/fonts/type1/public/amsfonts/cm/cmr17.pfb></usr/loca
l/texlive/2012/texmf-dist/fonts/type1/public/amsfonts/cm/cmr6.pfb></usr/local/t
exlive/2012/texmf-dist/fonts/type1/public/amsfonts/cm/cmr8.pfb></usr/local/texl
ive/2012/texmf-dist/fonts/type1/public/amsfonts/cm/cmsy10.pfb></usr/local/texli
ve/2012/texmf-dist/fonts/type1/public/amsfonts/cm/cmsy8.pfb></usr/local/texlive
/2012/texmf-dist/fonts/type1/public/amsfonts/cm/cmti12.pfb></usr/local/texlive/
2012/texmf-dist/fonts/type1/public/amsfonts/cm/cmtt10.pfb></usr/local/texlive/2
012/texmf-dist/fonts/type1/public/amsfonts/cm/cmtt12.pfb>
Output written on double_pendulum.pdf (15 pages, 459902 bytes).
PDF statistics:
 141 PDF objects out of 1000 (max. 8388607)
 99 compressed objects within 1 object stream
 0 named destinations out of 1000 (max. 500000)
 41 words of extra memory for PDF output out of 10000 (max. 10000000)

